2025-06-16 12:46:18 INFO [o.h.o.a.Application                     ] - Starting Application v9.2.0 using Java 21.0.6 with PID 1 (/ors.jar started by root in /home/ors)
2025-06-16 12:46:18 INFO [o.h.o.a.Application                     ] - The following 1 profile is active: "default"
2025-06-16 12:46:18 INFO [o.h.o.a.ORSEnvironmentPostProcessor     ] - 
2025-06-16 12:46:18 INFO [o.h.o.a.ORSEnvironmentPostProcessor     ] - Configuration lookup started.
2025-06-16 12:46:18 INFO [o.h.o.a.ORSEnvironmentPostProcessor     ] - ORS config file found at: /home/ors/config/my-ors-config.yml
2025-06-16 12:46:18 INFO [o.h.o.a.ORSEnvironmentPostProcessor     ] - Configuration file set by environment variable.
2025-06-16 12:46:18 INFO [o.h.o.a.ORSEnvironmentPostProcessor     ] - Loaded file '/home/ors/config/my-ors-config.yml'.
2025-06-16 12:46:18 INFO [o.h.o.a.ORSEnvironmentPostProcessor     ] - 
2025-06-16 12:46:18 INFO [o.h.o.a.ORSEnvironmentPostProcessor     ] - Environment variables overriding openrouteservice configuration parameters detected: 
2025-06-16 12:46:18 INFO [o.h.o.a.ORSEnvironmentPostProcessor     ] - ors.config.location=/home/ors/config/my-ors-config.yml
2025-06-16 12:46:18 INFO [o.h.o.a.ORSEnvironmentPostProcessor     ] - Configuration lookup finished.
2025-06-16 12:46:18 INFO [o.h.o.a.ORSEnvironmentPostProcessor     ] - 
2025-06-16 12:46:21 INFO [o.h.o.a.s.l.ORSInitContextListener      ] - Initializing ORS...
2025-06-16 12:46:21 INFO [o.h.o.r.RoutingProfileManager           ] - Total - 1024 MB, Free - 950.48 MB, Max: 2 GB, Used - 73.52 MB
2025-06-16 12:46:21 INFO [o.h.o.r.RoutingProfileManager           ] - ====> Initializing 1 profiles (1 threads) ...
2025-06-16 12:46:21 INFO [o.h.o.r.RoutingProfileManager           ] - 1 profile configurations submitted as tasks.
2025-06-16 12:46:22 INFO [o.h.o.r.g.e.c.CorePreparationHandler    ] - Using 1 threads for ch preparation threads
2025-06-16 12:46:22 INFO [o.h.o.r.g.e.c.CoreLMPreparationHandler  ] - Using 1 threads for lm preparation threads
2025-06-16 12:46:22 INFO [o.h.o.r.g.e.c.CorePreparationHandler    ] - Using 1 threads for ch preparation threads
2025-06-16 12:46:22 INFO [o.h.o.r.g.e.c.CoreLMPreparationHandler  ] - Using 1 threads for lm preparation threads
2025-06-16 12:46:22 INFO [o.h.o.r.g.e.c.CoreLMPreparationHandler  ] - Loaded landmark splitting collection from 
2025-06-16 12:46:22 INFO [o.h.o.r.g.e.ORSGraphHopper              ] - version v4.9.8|2025-04-28T13:05:33Z (7,20,5,4,5,7)
2025-06-16 12:46:22 INFO [o.h.o.r.g.e.ORSGraphHopper              ] - graph CH|car_ors|RAM_STORE|3D|turn_cost|,,,,, details:edges:0(0MB), nodes:0(0MB), name:(0MB), geo:0(0MB), bounds:1.7976931348623157E308,-1.7976931348623157E308,1.7976931348623157E308,-1.7976931348623157E308,1.7976931348623157E308,-1.7976931348623157E308, shortcuts:0 (0MB), nodesCH:-1 (0MB), shortcuts:0 (0MB), nodesCH:-1 (0MB), shortcuts:0 (0MB), nodesCH:-1 (0MB)
2025-06-16 12:46:22 INFO [o.h.o.r.g.e.ORSGraphHopper              ] - No custom areas are used, custom_areas.directory not given
2025-06-16 12:46:22 INFO [o.h.o.r.g.e.ORSGraphHopper              ] - start creating graph from /home/ors/files/colombia-latest.osm.pbf
2025-06-16 12:46:23 INFO [o.h.o.r.g.e.ORSGraphHopper              ] - using CH|car_ors|RAM_STORE|3D|turn_cost|,,,,, memory:totalMB:1024, usedMB:227
2025-06-16 12:46:24 INFO [o.h.o.a.Application                     ] - Started Application in 7.233 seconds (process running for 10.108)
2025-06-16 12:46:24 INFO [o.h.o.a.Application                     ] - openrouteservice {"build_date":"2025-05-06T08:31:01Z","graph_version":"1","version":"9.2.0"}
2025-06-16 12:49:09 WARN [o.h.o.r.g.e.GraphProcessContext         ] - Cannot invoke "String.trim()" because "in" is null. Way id = 489170464
2025-06-16 12:49:21 INFO [o.h.o.r.g.e.ORSGraphHopper              ] - call cleanUp for 'graphs/driving-car' 
2025-06-16 12:49:21 INFO [o.h.o.r.g.e.ORSGraphHopper              ] - graph CH|car_ors|RAM_STORE|3D|turn_cost|7,20,5,4,5, details:edges:1 825 376(63MB), nodes:1 435 577(28MB), name:(5MB), geo:24 509 968(94MB), bounds:-81.7349362,-66.8344135,-4.2802922,13.5746337,-66.0,4450.0, shortcuts:0 (1MB), nodesCH:-1 (1MB), shortcuts:0 (1MB), nodesCH:-1 (1MB), shortcuts:0 (1MB), nodesCH:-1 (1MB)
2025-06-16 12:49:30 INFO [o.h.o.r.g.e.ORSGraphHopper              ] - nodes: 1 435 577, edges: 1 825 376
2025-06-16 12:49:30 INFO [o.h.o.r.g.e.ORSGraphHopper              ] - Bridge interpolation 0s, tunnel interpolation 0s, ferry interpolation 0s
2025-06-16 12:49:59 INFO [o.h.o.r.g.e.c.CorePreparationHandler    ] - Creating CH preparations, totalMB:2003, usedMB:1585
2025-06-16 12:49:59 INFO [o.h.o.r.g.e.c.CorePreparationHandler    ] - 1/2 calling CH prepare.doWork for profile 'car_ors_fastest_with_turn_costs' EDGE_BASED ... (totalMB:2003, usedMB:1585)
2025-06-16 12:49:59 INFO [o.h.o.r.g.e.c.CorePreparationHandler    ] - 2/2 calling CH prepare.doWork for profile 'car_ors_shortest_with_turn_costs' EDGE_BASED ... (totalMB:2003, usedMB:1585)
2025-06-16 12:49:59 INFO [o.h.o.r.g.e.c.PrepareCore               ] - Creating Core graph, totalMB:2003, usedMB:1585
2025-06-16 12:49:59 INFO [o.h.o.r.g.e.c.PrepareCore               ] - Building Core graph, totalMB:2003, usedMB:1621
2025-06-16 12:50:01 INFO [o.h.o.r.g.e.c.PrepareCore               ] - Finished building Core graph, took: 1.6354471s, totalMB:2003, usedMB:1655
2025-06-16 12:50:02 INFO [o.h.o.r.g.e.c.PrepareCore               ] - Building initial queue of nodes to be contracted: 1435577 nodes, totalMB:2003, usedMB:1444
2025-06-16 12:50:03 INFO [o.h.o.r.g.e.c.PrepareCore               ] - Finished building queue, took: 1.0414822s, totalMB:2003, usedMB:1541
2025-06-16 12:50:03 INFO [o.h.o.r.g.e.c.PrepareCore               ] - edge, nodes:  1 393 390, shortcuts:          0, updates:  0, checked-nodes:          0, t(total):   4.36,  t(period):   1.04, t(lazy):   0.00, t(neighbor):   0.00, t(contr):   0.00, t(other) :   3.32, dijkstra-ratio:   5.41%, meanDegree: 1.27, dijkstras:  6 035 191, mem:       10MB, totalMB:2003, usedMB:1541
2025-06-16 12:50:04 INFO [o.h.o.r.g.e.c.PrepareCore               ] - edge, nodes:  1 324 627, shortcuts:          1, updates:  0, checked-nodes:     69 670, t(total):   4.56,  t(period):   1.04, t(lazy):   0.04, t(neighbor):   0.00, t(contr):   0.11, t(other) :   3.36, dijkstra-ratio:   5.18%, meanDegree: 1.00, dijkstras:  6 035 238, mem:       10MB, totalMB:2003, usedMB:1559
2025-06-16 12:50:04 INFO [o.h.o.r.g.e.c.PrepareCore               ] - edge, nodes:  1 256 195, shortcuts:          1, updates:  0, checked-nodes:    139 340, t(total):   4.72,  t(period):   1.04, t(lazy):   0.08, t(neighbor):   0.00, t(contr):   0.19, t(other) :   3.40, dijkstra-ratio:   5.01%, meanDegree: 1.00, dijkstras:  6 035 238, mem:       10MB, totalMB:2003, usedMB:1577
2025-06-16 12:50:04 INFO [o.h.o.r.g.e.c.PrepareCore               ] - edge, nodes:  1 186 939, shortcuts:          1, updates:  0, checked-nodes:    209 010, t(total):   4.86,  t(period):   1.04, t(lazy):   0.12, t(neighbor):   0.00, t(contr):   0.26, t(other) :   3.45, dijkstra-ratio:   4.86%, meanDegree: 1.00, dijkstras:  6 035 238, mem:       10MB, totalMB:2003, usedMB:1599
2025-06-16 12:50:04 INFO [o.h.o.r.g.e.c.PrepareCore               ] - edge, nodes:  1 121 025, shortcuts:          2, updates:  0, checked-nodes:    278 680, t(total):   4.97,  t(period):   1.04, t(lazy):   0.14, t(neighbor):   0.00, t(contr):   0.31, t(other) :   3.48, dijkstra-ratio:   4.76%, meanDegree: 1.00, dijkstras:  6 035 240, mem:       10MB, totalMB:2003, usedMB:1615
2025-06-16 12:50:04 INFO [o.h.o.r.g.e.c.PrepareCore               ] - edge, nodes:  1 053 824, shortcuts:         86, updates:  0, checked-nodes:    348 350, t(total):   5.09,  t(period):   1.04, t(lazy):   0.17, t(neighbor):   0.00, t(contr):   0.37, t(other) :   3.51, dijkstra-ratio:   4.91%, meanDegree: 2.00, dijkstras:  6 043 950, mem:       10MB, totalMB:2003, usedMB:1631
2025-06-16 12:50:05 INFO [o.h.o.r.g.e.c.PrepareCore               ] - edge, nodes:    993 425, shortcuts:      2 263, updates:  0, checked-nodes:    418 020, t(total):   5.64,  t(period):   1.04, t(lazy):   0.46, t(neighbor):   0.00, t(contr):   0.60, t(other) :   3.54, dijkstra-ratio:  10.50%, meanDegree: 1.66, dijkstras:  6 255 387, mem:       10MB, totalMB:2003, usedMB:1657
2025-06-16 12:50:05 INFO [o.h.o.r.g.e.c.PrepareCore               ] - edge, nodes:    937 883, shortcuts:      5 740, updates:  0, checked-nodes:    487 690, t(total):   6.31,  t(period):   1.04, t(lazy):   0.82, t(neighbor):   0.00, t(contr):   0.89, t(other) :   3.57, dijkstra-ratio:  15.72%, meanDegree: 1.59, dijkstras:  6 451 910, mem:       10MB, totalMB:2003, usedMB:947
2025-06-16 12:50:06 INFO [o.h.o.r.g.e.c.PrepareCore               ] - edge, nodes:    880 505, shortcuts:     40 677, updates:  0, checked-nodes:    557 360, t(total):   6.77,  t(period):   1.04, t(lazy):   1.08, t(neighbor):   0.00, t(contr):   1.06, t(other) :   3.59, dijkstra-ratio:  19.02%, meanDegree: 1.74, dijkstras:  6 646 082, mem:       10MB, totalMB:2003, usedMB:975
2025-06-16 12:50:06 INFO [o.h.o.r.g.e.c.PrepareCore               ] - edge, nodes:    839 143, shortcuts:     60 785, updates:  0, checked-nodes:    627 030, t(total):   7.09,  t(period):   1.04, t(lazy):   1.28, t(neighbor):   0.00, t(contr):   1.16, t(other) :   3.61, dijkstra-ratio:  20.72%, meanDegree: 1.96, dijkstras:  6 917 644, mem:       10MB, totalMB:2003, usedMB:995
2025-06-16 12:50:06 INFO [o.h.o.r.g.e.c.PrepareCore               ] - edge, nodes:    789 860, shortcuts:     96 039, updates:  0, checked-nodes:    696 700, t(total):   7.46,  t(period):   1.04, t(lazy):   1.52, t(neighbor):   0.00, t(contr):   1.26, t(other) :   3.63, dijkstra-ratio:  22.68%, meanDegree: 0.00, dijkstras:  7 169 170, mem:       10MB, totalMB:2003, usedMB:1018
2025-06-16 12:50:07 INFO [o.h.o.r.g.e.c.PrepareCore               ] - edge, nodes:    741 692, shortcuts:    148 846, updates:  0, checked-nodes:    766 370, t(total):   8.33,  t(period):   1.04, t(lazy):   2.08, t(neighbor):   0.00, t(contr):   1.56, t(other) :   3.66, dijkstra-ratio:  27.65%, meanDegree: 3.35, dijkstras:  7 693 233, mem:       10MB, totalMB:2003, usedMB:1048
2025-06-16 12:50:08 INFO [o.h.o.r.g.e.c.PrepareCore               ] - edge, nodes:    680 183, shortcuts:    184 039, updates:  0, checked-nodes:    836 040, t(total):   9.14,  t(period):   1.04, t(lazy):   2.54, t(neighbor):   0.00, t(contr):   1.89, t(other) :   3.67, dijkstra-ratio:  31.37%, meanDegree: 3.07, dijkstras:  8 265 554, mem:       10MB, totalMB:2003, usedMB:1088
2025-06-16 12:50:09 INFO [o.h.o.r.g.e.c.PrepareCore               ] - edge, nodes:    621 127, shortcuts:    225 692, updates:  0, checked-nodes:    905 710, t(total):  10.40,  t(period):   1.04, t(lazy):   3.29, t(neighbor):   0.00, t(contr):   2.37, t(other) :   3.70, dijkstra-ratio:  36.21%, meanDegree: 2.88, dijkstras:  8 871 445, mem:       10MB, totalMB:2003, usedMB:1129
2025-06-16 12:50:11 INFO [o.h.o.r.g.e.c.PrepareCore               ] - edge, nodes:    563 385, shortcuts:    281 825, updates:  0, checked-nodes:    975 380, t(total):  11.73,  t(period):   1.04, t(lazy):   4.10, t(neighbor):   0.00, t(contr):   2.87, t(other) :   3.72, dijkstra-ratio:  40.37%, meanDegree: 2.30, dijkstras:  9 522 240, mem:       10MB, totalMB:2003, usedMB:1166
2025-06-16 12:50:12 INFO [o.h.o.r.g.e.c.PrepareCore               ] - edge, nodes:    505 817, shortcuts:    348 925, updates:  0, checked-nodes:  1 045 050, t(total):  13.11,  t(period):   1.04, t(lazy):   4.95, t(neighbor):   0.00, t(contr):   3.37, t(other) :   3.75, dijkstra-ratio:  43.87%, meanDegree: 2.48, dijkstras: 10 180 220, mem:       10MB, totalMB:2003, usedMB:1210
2025-06-16 12:50:13 INFO [o.h.o.r.g.e.c.PrepareCore               ] - edge, nodes:    447 275, shortcuts:    409 086, updates:  0, checked-nodes:  1 114 720, t(total):  14.35,  t(period):   1.04, t(lazy):   5.72, t(neighbor):   0.00, t(contr):   3.83, t(other) :   3.77, dijkstra-ratio:  46.41%, meanDegree: 2.70, dijkstras: 10 806 252, mem:       10MB, totalMB:2003, usedMB:1247
2025-06-16 12:50:15 INFO [o.h.o.r.g.e.c.PrepareCore               ] - edge, nodes:    389 544, shortcuts:    475 559, updates:  0, checked-nodes:  1 184 390, t(total):  15.88,  t(period):   1.04, t(lazy):   6.67, t(neighbor):   0.00, t(contr):   4.38, t(other) :   3.79, dijkstra-ratio:  49.05%, meanDegree: 2.92, dijkstras: 11 448 571, mem:       10MB, totalMB:2003, usedMB:1284
2025-06-16 12:50:16 INFO [o.h.o.r.g.e.c.PrepareCore               ] - edge, nodes:    331 695, shortcuts:    557 104, updates:  0, checked-nodes:  1 254 060, t(total):  17.25,  t(period):   1.04, t(lazy):   7.55, t(neighbor):   0.00, t(contr):   4.85, t(other) :   3.81, dijkstra-ratio:  51.19%, meanDegree: 1.70, dijkstras: 12 095 509, mem:       10MB, totalMB:2003, usedMB:1323
2025-06-16 12:50:18 INFO [o.h.o.r.g.e.c.PrepareCore               ] - edge, nodes:    275 888, shortcuts:    650 458, updates:  0, checked-nodes:  1 323 730, t(total):  18.73,  t(period):   1.04, t(lazy):   8.52, t(neighbor):   0.00, t(contr):   5.33, t(other) :   3.84, dijkstra-ratio:  53.14%, meanDegree: 2.79, dijkstras: 12 732 836, mem:       10MB, totalMB:2003, usedMB:1363
2025-06-16 12:50:20 INFO [o.h.o.r.g.e.c.PrepareCore               ] - edge, nodes:    233 120, shortcuts:    768 376, updates:  0, checked-nodes:  1 393 400, t(total):  20.85,  t(period):   1.04, t(lazy):  10.08, t(neighbor):   0.00, t(contr):   5.87, t(other) :   3.87, dijkstra-ratio:  55.96%, meanDegree: 2.64, dijkstras: 13 684 118, mem:       10MB, totalMB:2003, usedMB:1421
2025-06-16 12:50:23 INFO [o.h.o.r.g.e.c.PrepareCore               ] - edge, nodes:    191 494, shortcuts:    926 104, updates:  0, checked-nodes:  1 463 070, t(total):  23.87,  t(period):   1.04, t(lazy):  12.33, t(neighbor):   0.00, t(contr):   6.61, t(other) :   3.89, dijkstra-ratio:  59.52%, meanDegree: 3.60, dijkstras: 14 990 375, mem:       10MB, totalMB:2003, usedMB:1475
2025-06-16 12:50:26 INFO [o.h.o.r.g.e.c.PrepareCore               ] - edge, nodes:    135 942, shortcuts:  1 083 291, updates:  0, checked-nodes:  1 532 740, t(total):  27.00,  t(period):   1.04, t(lazy):  14.46, t(neighbor):   0.00, t(contr):   7.58, t(other) :   3.92, dijkstra-ratio:  62.05%, meanDegree: 3.60, dijkstras: 16 828 598, mem:       10MB, totalMB:2003, usedMB:1537
2025-06-16 12:50:29 INFO [o.h.o.r.g.e.c.PrepareCore               ] - edge, nodes:     75 203, shortcuts:  1 290 541, updates:  0, checked-nodes:  1 602 410, t(total):  29.74,  t(period):   1.04, t(lazy):  16.22, t(neighbor):   0.00, t(contr):   8.54, t(other) :   3.95, dijkstra-ratio:  63.59%, meanDegree: 4.09, dijkstras: 18 924 655, mem:       10MB, totalMB:2003, usedMB:1603
2025-06-16 12:50:32 INFO [o.h.o.r.g.e.c.PrepareCore               ] - edge, nodes:     24 304, shortcuts:  1 537 120, updates:  0, checked-nodes:  1 672 080, t(total):  32.90,  t(period):   1.04, t(lazy):  18.47, t(neighbor):   0.00, t(contr):   9.41, t(other) :   3.97, dijkstra-ratio:  65.42%, meanDegree: 5.98, dijkstras: 20 949 384, mem:       10MB, totalMB:2003, usedMB:1686
2025-06-16 12:50:33 INFO [o.h.o.r.g.e.c.PrepareCore               ] - edge, nodes:          0, shortcuts:  1 825 649, updates:  0, checked-nodes:  1 688 836, t(total):  34.26,  t(period):   1.04, t(lazy):  19.41, t(neighbor):   0.00, t(contr):   9.71, t(other) :   4.10, dijkstra-ratio:  65.91%, meanDegree: 4.84, dijkstras: 21 616 186, mem:       10MB, totalMB:2003, usedMB:1730
2025-06-16 12:50:33 INFO [o.h.o.r.g.e.c.PrepareCore               ] - new shortcuts: 1 825 649, initSize:1 393 390, limited_access|fastest|car_ors, periodic:0, lazy:100, neighbor:0, t(total):  34.26,  t(period):   1.04, t(lazy):  19.41, t(neighbor):   0.00, t(contr):   9.71, t(other) :   4.11, dijkstra-ratio:  65.91%, lazy-overhead: 21%, totalMB:2003, usedMB:1730
2025-06-16 12:50:33 INFO [o.h.o.r.g.e.c.PrepareCore               ] - shortcuts that exceed maximum weight: 0
2025-06-16 12:50:33 INFO [o.h.o.r.g.e.c.PrepareCore               ] - took: 34s, graph now - num edges: 1 825 376, num nodes: 1 435 577, num shortcuts: 1 825 649
2025-06-16 12:50:33 INFO [o.h.o.r.g.e.c.PrepareCore               ] - Creating Core graph, totalMB:2003, usedMB:1730
2025-06-16 12:50:33 INFO [o.h.o.r.g.e.c.PrepareCore               ] - Building Core graph, totalMB:2003, usedMB:1766
2025-06-16 12:50:35 INFO [o.h.o.r.g.e.c.PrepareCore               ] - Finished building Core graph, took: 1.3632901s, totalMB:2003, usedMB:1757
2025-06-16 12:50:36 INFO [o.h.o.r.g.e.c.PrepareCore               ] - Building initial queue of nodes to be contracted: 1435577 nodes, totalMB:2003, usedMB:1607
2025-06-16 12:50:37 INFO [o.h.o.r.g.e.c.PrepareCore               ] - Finished building queue, took: 0.9396665s, totalMB:2003, usedMB:1804
2025-06-16 12:50:37 INFO [o.h.o.r.g.e.c.PrepareCore               ] - edge, nodes:  1 393 390, shortcuts:          0, updates:  0, checked-nodes:          0, t(total):   3.74,  t(period):   0.94, t(lazy):   0.00, t(neighbor):   0.00, t(contr):   0.00, t(other) :   2.80, dijkstra-ratio:   5.18%, meanDegree: 1.27, dijkstras:  6 035 191, mem:       10MB, totalMB:2003, usedMB:1804
2025-06-16 12:50:37 INFO [o.h.o.r.g.e.c.PrepareCore               ] - edge, nodes:  1 324 627, shortcuts:          1, updates:  0, checked-nodes:     69 670, t(total):   3.81,  t(period):   0.94, t(lazy):   0.02, t(neighbor):   0.00, t(contr):   0.04, t(other) :   2.82, dijkstra-ratio:   5.08%, meanDegree: 1.00, dijkstras:  6 035 238, mem:       10MB, totalMB:2003, usedMB:1823
2025-06-16 12:50:37 INFO [o.h.o.r.g.e.c.PrepareCore               ] - edge, nodes:  1 256 195, shortcuts:          1, updates:  0, checked-nodes:    139 340, t(total):   3.88,  t(period):   0.94, t(lazy):   0.03, t(neighbor):   0.00, t(contr):   0.07, t(other) :   2.84, dijkstra-ratio:   4.99%, meanDegree: 1.00, dijkstras:  6 035 238, mem:       10MB, totalMB:2003, usedMB:1841
2025-06-16 12:50:37 INFO [o.h.o.r.g.e.c.PrepareCore               ] - edge, nodes:  1 186 939, shortcuts:          1, updates:  0, checked-nodes:    209 010, t(total):   3.97,  t(period):   0.94, t(lazy):   0.06, t(neighbor):   0.00, t(contr):   0.11, t(other) :   2.85, dijkstra-ratio:   4.88%, meanDegree: 1.00, dijkstras:  6 035 238, mem:       10MB, totalMB:2003, usedMB:1144
2025-06-16 12:50:37 INFO [o.h.o.r.g.e.c.PrepareCore               ] - edge, nodes:  1 121 025, shortcuts:          2, updates:  0, checked-nodes:    278 680, t(total):   4.04,  t(period):   0.94, t(lazy):   0.08, t(neighbor):   0.00, t(contr):   0.15, t(other) :   2.87, dijkstra-ratio:   4.79%, meanDegree: 1.00, dijkstras:  6 035 240, mem:       10MB, totalMB:2003, usedMB:1162
2025-06-16 12:50:37 INFO [o.h.o.r.g.e.c.PrepareCore               ] - edge, nodes:  1 053 830, shortcuts:         83, updates:  0, checked-nodes:    348 350, t(total):   4.14,  t(period):   0.94, t(lazy):   0.11, t(neighbor):   0.00, t(contr):   0.21, t(other) :   2.89, dijkstra-ratio:   5.02%, meanDegree: 2.00, dijkstras:  6 043 948, mem:       10MB, totalMB:2003, usedMB:1181
2025-06-16 12:50:38 INFO [o.h.o.r.g.e.c.PrepareCore               ] - edge, nodes:    993 535, shortcuts:      2 239, updates:  0, checked-nodes:    418 020, t(total):   4.59,  t(period):   0.94, t(lazy):   0.34, t(neighbor):   0.00, t(contr):   0.39, t(other) :   2.92, dijkstra-ratio:  10.65%, meanDegree: 1.66, dijkstras:  6 255 622, mem:       10MB, totalMB:2003, usedMB:1065
2025-06-16 12:50:38 INFO [o.h.o.r.g.e.c.PrepareCore               ] - edge, nodes:    938 606, shortcuts:      5 565, updates:  0, checked-nodes:    487 690, t(total):   4.88,  t(period):   0.94, t(lazy):   0.51, t(neighbor):   0.00, t(contr):   0.50, t(other) :   2.93, dijkstra-ratio:  13.72%, meanDegree: 1.88, dijkstras:  6 453 422, mem:       10MB, totalMB:2003, usedMB:1090
2025-06-16 12:50:38 INFO [o.h.o.r.g.e.c.PrepareCore               ] - edge, nodes:    881 080, shortcuts:     41 338, updates:  0, checked-nodes:    557 360, t(total):   5.27,  t(period):   0.94, t(lazy):   0.73, t(neighbor):   0.00, t(contr):   0.65, t(other) :   2.95, dijkstra-ratio:  17.35%, meanDegree: 1.62, dijkstras:  6 648 202, mem:       10MB, totalMB:2003, usedMB:1118
2025-06-16 12:50:39 INFO [o.h.o.r.g.e.c.PrepareCore               ] - edge, nodes:    838 534, shortcuts:     63 764, updates:  0, checked-nodes:    627 030, t(total):   5.59,  t(period):   0.94, t(lazy):   0.94, t(neighbor):   0.00, t(contr):   0.75, t(other) :   2.97, dijkstra-ratio:  19.83%, meanDegree: 2.08, dijkstras:  6 924 140, mem:       10MB, totalMB:2003, usedMB:1139
2025-06-16 12:50:39 INFO [o.h.o.r.g.e.c.PrepareCore               ] - edge, nodes:    788 708, shortcuts:    101 578, updates:  0, checked-nodes:    696 700, t(total):   6.01,  t(period):   0.94, t(lazy):   1.20, t(neighbor):   0.00, t(contr):   0.88, t(other) :   2.99, dijkstra-ratio:  22.86%, meanDegree: 0.00, dijkstras:  7 186 193, mem:       10MB, totalMB:2003, usedMB:1161
2025-06-16 12:50:40 INFO [o.h.o.r.g.e.c.PrepareCore               ] - edge, nodes:    740 079, shortcuts:    154 063, updates:  0, checked-nodes:    766 370, t(total):   6.82,  t(period):   0.94, t(lazy):   1.72, t(neighbor):   0.00, t(contr):   1.16, t(other) :   3.01, dijkstra-ratio:  28.45%, meanDegree: 2.57, dijkstras:  7 711 190, mem:       10MB, totalMB:2003, usedMB:1192
2025-06-16 12:50:41 INFO [o.h.o.r.g.e.c.PrepareCore               ] - edge, nodes:    678 561, shortcuts:    190 218, updates:  0, checked-nodes:    836 040, t(total):   7.55,  t(period):   0.94, t(lazy):   2.12, t(neighbor):   0.00, t(contr):   1.47, t(other) :   3.03, dijkstra-ratio:  32.29%, meanDegree: 1.91, dijkstras:  8 290 963, mem:       10MB, totalMB:2003, usedMB:1226
2025-06-16 12:50:42 INFO [o.h.o.r.g.e.c.PrepareCore               ] - edge, nodes:    619 421, shortcuts:    232 691, updates:  0, checked-nodes:    905 710, t(total):   8.44,  t(period):   0.94, t(lazy):   2.64, t(neighbor):   0.00, t(contr):   1.82, t(other) :   3.05, dijkstra-ratio:  36.27%, meanDegree: 2.75, dijkstras:  8 906 252, mem:       10MB, totalMB:2003, usedMB:1265
2025-06-16 12:50:43 INFO [o.h.o.r.g.e.c.PrepareCore               ] - edge, nodes:    561 684, shortcuts:    290 401, updates:  0, checked-nodes:    975 380, t(total):   9.47,  t(period):   0.94, t(lazy):   3.26, t(neighbor):   0.00, t(contr):   2.21, t(other) :   3.07, dijkstra-ratio:  40.12%, meanDegree: 2.30, dijkstras:  9 576 924, mem:       10MB, totalMB:2003, usedMB:1299
2025-06-16 12:50:44 INFO [o.h.o.r.g.e.c.PrepareCore               ] - edge, nodes:    504 237, shortcuts:    358 235, updates:  0, checked-nodes:  1 045 050, t(total):  10.54,  t(period):   0.94, t(lazy):   3.91, t(neighbor):   0.00, t(contr):   2.61, t(other) :   3.08, dijkstra-ratio:  43.43%, meanDegree: 2.82, dijkstras: 10 259 834, mem:       10MB, totalMB:2003, usedMB:1340
2025-06-16 12:50:45 INFO [o.h.o.r.g.e.c.PrepareCore               ] - edge, nodes:    445 925, shortcuts:    420 116, updates:  0, checked-nodes:  1 114 720, t(total):  11.62,  t(period):   0.94, t(lazy):   4.56, t(neighbor):   0.00, t(contr):   3.01, t(other) :   3.10, dijkstra-ratio:  46.06%, meanDegree: 3.57, dijkstras: 10 910 001, mem:       10MB, totalMB:2003, usedMB:1374
2025-06-16 12:50:46 INFO [o.h.o.r.g.e.c.PrepareCore               ] - edge, nodes:    388 534, shortcuts:    487 347, updates:  0, checked-nodes:  1 184 390, t(total):  12.62,  t(period):   0.94, t(lazy):   5.18, t(neighbor):   0.00, t(contr):   3.38, t(other) :   3.12, dijkstra-ratio:  48.20%, meanDegree: 2.14, dijkstras: 11 572 843, mem:       10MB, totalMB:2003, usedMB:1407
2025-06-16 12:50:47 INFO [o.h.o.r.g.e.c.PrepareCore               ] - edge, nodes:    331 210, shortcuts:    569 881, updates:  0, checked-nodes:  1 254 060, t(total):  13.80,  t(period):   0.94, t(lazy):   5.93, t(neighbor):   0.00, t(contr):   3.78, t(other) :   3.14, dijkstra-ratio:  50.44%, meanDegree: 2.29, dijkstras: 12 252 743, mem:       10MB, totalMB:2003, usedMB:1443
2025-06-16 12:50:48 INFO [o.h.o.r.g.e.c.PrepareCore               ] - edge, nodes:    276 106, shortcuts:    663 202, updates:  0, checked-nodes:  1 323 730, t(total):  15.00,  t(period):   0.94, t(lazy):   6.74, t(neighbor):   0.00, t(contr):   4.16, t(other) :   3.16, dijkstra-ratio:  52.49%, meanDegree: 2.97, dijkstras: 12 921 524, mem:       10MB, totalMB:2003, usedMB:1492
2025-06-16 12:50:50 INFO [o.h.o.r.g.e.c.PrepareCore               ] - edge, nodes:    234 225, shortcuts:    782 950, updates:  0, checked-nodes:  1 393 400, t(total):  17.17,  t(period):   0.94, t(lazy):   8.33, t(neighbor):   0.00, t(contr):   4.71, t(other) :   3.19, dijkstra-ratio:  56.01%, meanDegree: 2.95, dijkstras: 13 960 091, mem:       10MB, totalMB:2003, usedMB:1533
2025-06-16 12:50:53 INFO [o.h.o.r.g.e.c.PrepareCore               ] - edge, nodes:    193 508, shortcuts:    942 172, updates:  0, checked-nodes:  1 463 070, t(total):  20.16,  t(period):   0.94, t(lazy):  10.57, t(neighbor):   0.00, t(contr):   5.44, t(other) :   3.22, dijkstra-ratio:  60.09%, meanDegree: 3.87, dijkstras: 15 400 241, mem:       10MB, totalMB:2003, usedMB:1584
2025-06-16 12:50:57 INFO [o.h.o.r.g.e.c.PrepareCore               ] - edge, nodes:    139 376, shortcuts:  1 103 073, updates:  0, checked-nodes:  1 532 740, t(total):  23.34,  t(period):   0.94, t(lazy):  12.73, t(neighbor):   0.00, t(contr):   6.42, t(other) :   3.24, dijkstra-ratio:  62.84%, meanDegree: 3.95, dijkstras: 17 415 328, mem:       10MB, totalMB:2003, usedMB:1646
2025-06-16 12:51:00 INFO [o.h.o.r.g.e.c.PrepareCore               ] - edge, nodes:     81 491, shortcuts:  1 312 863, updates:  0, checked-nodes:  1 602 410, t(total):  27.10,  t(period):   0.94, t(lazy):  15.20, t(neighbor):   0.00, t(contr):   7.69, t(other) :   3.27, dijkstra-ratio:  65.02%, meanDegree: 4.92, dijkstras: 19 859 890, mem:       10MB, totalMB:2003, usedMB:1730
2025-06-16 12:51:05 INFO [o.h.o.r.g.e.c.PrepareCore               ] - edge, nodes:     34 967, shortcuts:  1 571 193, updates:  0, checked-nodes:  1 672 080, t(total):  32.23,  t(period):   0.94, t(lazy):  18.96, t(neighbor):   0.00, t(contr):   9.02, t(other) :   3.31, dijkstra-ratio:  68.00%, meanDegree: 4.88, dijkstras: 22 742 076, mem:       10MB, totalMB:2003, usedMB:1799
2025-06-16 12:51:10 INFO [o.h.o.r.g.e.c.PrepareCore               ] - edge, nodes:          0, shortcuts:  2 023 667, updates:  0, checked-nodes:  1 708 337, t(total):  36.98,  t(period):   0.94, t(lazy):  22.46, t(neighbor):   0.00, t(contr):  10.07, t(other) :   3.51, dijkstra-ratio:  70.01%, meanDegree: 7.37, dijkstras: 25 110 714, mem:       10MB, totalMB:2003, usedMB:1876
2025-06-16 12:51:10 INFO [o.h.o.r.g.e.c.PrepareCore               ] - new shortcuts: 2 023 667, initSize:1 393 390, limited_access|shortest|car_ors, periodic:0, lazy:100, neighbor:0, t(total):  36.98,  t(period):   0.94, t(lazy):  22.46, t(neighbor):   0.00, t(contr):  10.07, t(other) :   3.51, dijkstra-ratio:  70.00%, lazy-overhead: 22%, totalMB:2003, usedMB:1876
2025-06-16 12:51:10 INFO [o.h.o.r.g.e.c.PrepareCore               ] - shortcuts that exceed maximum weight: 0
2025-06-16 12:51:10 INFO [o.h.o.r.g.e.c.PrepareCore               ] - took: 36s, graph now - num edges: 1 825 376, num nodes: 1 435 577, num shortcuts: 2 023 667
2025-06-16 12:51:10 INFO [o.h.o.r.g.e.c.CorePreparationHandler    ] - Finished CH preparation, totalMB:2003, usedMB:1876
2025-06-16 12:51:10 INFO [o.h.o.r.g.e.c.CoreLMPreparationHandler  ] - Creating LM preparations, totalMB:2003, usedMB:1105
2025-06-16 12:51:10 INFO [o.h.o.r.g.e.c.CoreLandmarkStorage       ] - Created core node ID map for car_ors_fastest_with_turn_costs_highways of size 56120
2025-06-16 12:51:10 INFO [o.h.o.r.g.e.c.CoreLandmarkStorage       ] - Created core node ID map for car_ors_fastest_with_turn_costs_allow_all of size 56120
2025-06-16 12:51:10 INFO [o.h.o.r.g.e.c.CoreLandmarkStorage       ] - Created core node ID map for car_ors_shortest_with_turn_costs_highways of size 56120
2025-06-16 12:51:10 INFO [o.h.o.r.g.e.c.CoreLandmarkStorage       ] - Created core node ID map for car_ors_shortest_with_turn_costs_allow_all of size 56120
2025-06-16 12:51:10 INFO [o.h.o.r.g.e.c.CoreLMPreparationHandler  ] - 1/4 calling LM prepare.doWork for limited_access|fastest|car_ors ... (totalMB:2003, usedMB:1126)
2025-06-16 12:51:38 INFO [o.h.o.r.g.e.c.CoreLMPreparationHandler  ] - LM car_ors_fastest_with_turn_costs_highways finished totalMB:2003, usedMB:1755
2025-06-16 12:51:38 INFO [o.h.o.r.g.e.c.CoreLMPreparationHandler  ] - 2/4 calling LM prepare.doWork for limited_access|fastest|car_ors ... (totalMB:2003, usedMB:1755)
2025-06-16 12:52:06 INFO [o.h.o.r.g.e.c.CoreLMPreparationHandler  ] - LM car_ors_fastest_with_turn_costs_allow_all finished totalMB:2048, usedMB:1101
2025-06-16 12:52:06 INFO [o.h.o.r.g.e.c.CoreLMPreparationHandler  ] - 3/4 calling LM prepare.doWork for limited_access|shortest|car_ors ... (totalMB:2048, usedMB:1101)
2025-06-16 12:52:39 INFO [o.h.o.r.g.e.c.CoreLMPreparationHandler  ] - LM car_ors_shortest_with_turn_costs_highways finished totalMB:2048, usedMB:1339
2025-06-16 12:52:39 INFO [o.h.o.r.g.e.c.CoreLMPreparationHandler  ] - 4/4 calling LM prepare.doWork for limited_access|shortest|car_ors ... (totalMB:2048, usedMB:1339)
2025-06-16 12:53:09 INFO [o.h.o.r.g.e.c.CoreLMPreparationHandler  ] - LM car_ors_shortest_with_turn_costs_allow_all finished totalMB:2048, usedMB:1842
2025-06-16 12:53:09 INFO [o.h.o.r.g.e.c.CoreLMPreparationHandler  ] - Finished LM preparation, totalMB:2048, usedMB:1843
2025-06-16 12:53:09 INFO [o.h.o.r.g.e.ORSGraphHopper              ] - flushing graph CH|car_ors|RAM_STORE|3D|turn_cost|7,20,5,4,5, details:edges:1 825 376(63MB), nodes:1 435 577(28MB), name:(5MB), geo:24 509 968(94MB), bounds:-81.7349362,-66.8344135,-4.2802922,13.5746337,-775.89,4450.0, shortcuts:1 337 138 (26MB), nodesCH:1 435 577 (11MB), shortcuts:1 825 649 (56MB), nodesCH:1 435 577 (11MB), shortcuts:2 023 667 (62MB), nodesCH:1 435 577 (11MB), totalMB:2048, usedMB:1843)
2025-06-16 12:53:10 INFO [o.h.o.r.g.e.ORSGraphHopper              ] - flushed graph totalMB:2048, usedMB:1342)
2025-06-16 12:53:10 INFO [o.h.o.r.RoutingProfile                  ] - [1] Profile: 'driving-car', encoder: 'driving-car', location: 'graphs/driving-car'.
2025-06-16 12:53:10 INFO [o.h.o.r.RoutingProfile                  ] - [1] Edges: 1825376 - Nodes: 1435577.
2025-06-16 12:53:10 INFO [o.h.o.r.RoutingProfile                  ] - [1] Total time: 409.102s.
2025-06-16 12:53:10 INFO [o.h.o.r.RoutingProfile                  ] - [1] Finished at: 2025-06-16 12:53:10.
2025-06-16 12:53:10 INFO [o.h.o.r.RoutingProfileManager           ] - Total time: 409.282s.
2025-06-16 12:53:10 INFO [o.h.o.r.RoutingProfileManager           ] - ========================================================================
2025-06-16 12:53:10 INFO [o.h.o.r.RoutingProfileManager           ] - ====> Recycling garbage...
2025-06-16 12:53:10 INFO [o.h.o.r.RoutingProfileManager           ] - Before: Total - 2 GB, Free - 697.54 MB, Max: 2 GB, Used - 1.32 GB
2025-06-16 12:53:11 INFO [o.h.o.r.RoutingProfileManager           ] - After: Total - 2 GB, Free - 1.04 GB, Max: 2 GB, Used - 986.96 MB
2025-06-16 12:53:11 INFO [o.h.o.r.RoutingProfileManager           ] - ========================================================================
2025-06-16 12:53:11 INFO [o.h.o.r.RoutingProfileManager           ] - ====> Memory usage by profiles:
2025-06-16 12:53:11 INFO [o.h.o.r.RoutingProfileManager           ] - [1] 456.03 MB (46.2%)
2025-06-16 12:53:11 INFO [o.h.o.r.RoutingProfileManager           ] - Total: 456.03 MB (46.2%)
2025-06-16 12:53:11 INFO [o.h.o.r.RoutingProfileManager           ] - ========================================================================
